c:\users\windows10\desktop\oop3\oop3\oop3\x64\debug\vc143.pdb
c:\users\windows10\desktop\oop3\oop3\oop3\x64\debug\vc143.idb
c:\users\windows10\desktop\oop3\oop3\oop3\x64\debug\room.obj
c:\users\windows10\desktop\oop3\oop3\oop3\x64\debug\manager.obj
c:\users\windows10\desktop\oop3\oop3\oop3\x64\debug\main.obj
c:\users\windows10\desktop\oop3\oop3\oop3\x64\debug\employee.obj
c:\users\windows10\desktop\oop3\oop3\oop3\x64\debug\oop3.ilk
c:\users\windows10\desktop\oop3\oop3\x64\debug\oop3.pdb
c:\users\windows10\desktop\oop3\oop3\oop3\x64\debug\oop3.tlog\cl.command.1.tlog
c:\users\windows10\desktop\oop3\oop3\oop3\x64\debug\oop3.tlog\cl.items.tlog
c:\users\windows10\desktop\oop3\oop3\oop3\x64\debug\oop3.tlog\cl.read.1.tlog
c:\users\windows10\desktop\oop3\oop3\oop3\x64\debug\oop3.tlog\cl.write.1.tlog
c:\users\windows10\desktop\oop3\oop3\oop3\x64\debug\oop3.tlog\link.14868-cvtres.read.1.tlog
c:\users\windows10\desktop\oop3\oop3\oop3\x64\debug\oop3.tlog\link.14868-cvtres.write.1.tlog
c:\users\windows10\desktop\oop3\oop3\oop3\x64\debug\oop3.tlog\link.14868-rc.read.1.tlog
c:\users\windows10\desktop\oop3\oop3\oop3\x64\debug\oop3.tlog\link.14868-rc.write.1.tlog
c:\users\windows10\desktop\oop3\oop3\oop3\x64\debug\oop3.tlog\link.14868.read.1.tlog
c:\users\windows10\desktop\oop3\oop3\oop3\x64\debug\oop3.tlog\link.14868.read.2.tlog
c:\users\windows10\desktop\oop3\oop3\oop3\x64\debug\oop3.tlog\link.14868.write.1.tlog
c:\users\windows10\desktop\oop3\oop3\oop3\x64\debug\oop3.tlog\link.command.1.tlog
c:\users\windows10\desktop\oop3\oop3\oop3\x64\debug\oop3.tlog\link.read.1.tlog
c:\users\windows10\desktop\oop3\oop3\oop3\x64\debug\oop3.tlog\link.secondary.1.tlog
c:\users\windows10\desktop\oop3\oop3\oop3\x64\debug\oop3.tlog\link.write.1.tlog
